<?xml version="1.0" encoding="UTF-8"?>
<testng-results ignored="0" total="1" passed="1" failed="0" skipped="0">
  <reporter-output>
  </reporter-output>
  <suite started-at="2024-04-17T10:35:53 PDT" name="Suite" finished-at="2024-04-17T10:35:53 PDT" duration-ms="90">
    <groups>
    </groups>
    <test started-at="2024-04-17T10:35:53 PDT" name="Test" finished-at="2024-04-17T10:35:53 PDT" duration-ms="90">
      <class name="XQ.Test">
        <test-method signature="Test1()[pri:0, instance:XQ.Test@428640fa]" started-at="2024-04-17T10:35:53 PDT" name="Test1" finished-at="2024-04-17T10:35:53 PDT" duration-ms="16" status="PASS">
          <reporter-output>
          </reporter-output>
        </test-method> <!-- Test1 -->
      </class> <!-- XQ.Test -->
    </test> <!-- Test -->
  </suite> <!-- Suite -->
</testng-results>
